#
# A fatal error has been detected by the Java Runtime Environment:
#
#  SIGSEGV (0xb) at pc=0x00007fd6e5c05c67, pid=10927, tid=140560692782848
#
# JRE version: Java(TM) SE Runtime Environment (7.0_80-b15) (build 1.7.0_80-b15)
# Java VM: Java HotSpot(TM) 64-Bit Server VM (24.80-b11 mixed mode linux-amd64 compressed oops)
# Problematic frame:
# V  [libjvm.so+0x6a9c67]  JNIHandles::checked_resolve_jmethod_id(_jmethodID*)+0x67
#
# Failed to write core dump. Core dumps have been disabled. To enable core dumping, try "ulimit -c unlimited" before starting Java again
#
# If you would like to submit a bug report, please visit:
#   http://bugreport.java.com/bugreport/crash.jsp
#

---------------  T H R E A D  ---------------

Current thread (0x00007fd6e009f800):  JavaThread "JDWP Transport Listener: dt_socket" daemon [_thread_in_vm, id=10939, stack(0x00007fd6d619a000,0x00007fd6d629b000)]

siginfo:si_signo=SIGSEGV: si_errno=0, si_code=1 (SEGV_MAPERR), si_addr=0x0000000200000008

Registers:
RAX=0x00007fd6e6382360, RBX=0x0000000200000000, RCX=0x00007fd6e6dd02c0, RDX=0x00007fd6e63abde0
RSP=0x00007fd6d62996d0, RBP=0x00007fd6d62996e0, RSI=0x00007fd6e009f800, RDI=0x00007fd6b4002ec0
R8 =0x00007fd6b40038b0, R9 =0x0000000000000000, R10=0x00007fd6b40038a0, R11=0x00007fd6e655d548
R12=0x0000000000000017, R13=0x00007fd6b4002ec0, R14=0x00007fd6e009f800, R15=0x00007fd6d62997e7
RIP=0x00007fd6e5c05c67, EFLAGS=0x0000000000010202, CSGSFS=0xffff000000000033, ERR=0x0000000000000004
  TRAPNO=0x000000000000000e

Top of Stack: (sp=0x00007fd6d62996d0)
0x00007fd6d62996d0:   0000000000000074 00007fd6e0003d10
0x00007fd6d62996e0:   00007fd6d6299750 00007fd6e5bf703e
0x00007fd6d62996f0:   0000000000000073 00007fd6d6299700
0x00007fd6d6299700:   00007fd6e009f800 0000000000000000
0x00007fd6d6299710:   00007fd600000000 0000000000000000
0x00007fd6d6299720:   00007fd6d6299740 00007fd6e4c11120
0x00007fd6d6299730:   00007fd6b4002ec0 00007fd6d62997e7
0x00007fd6d6299740:   0000000000000002 00007fd6d62997e7
0x00007fd6d6299750:   00007fd6d6299780 00007fd6e49fc472
0x00007fd6d6299760:   00007fd6d6299780 00007fd6b4002ec0
0x00007fd6d6299770:   00007fd6d6299850 0000000000000010
0x00007fd6d6299780:   00007fd6d6299810 00007fd6e49dda60
0x00007fd6d6299790:   00007fd6d62997c8 00007fd6d62997c0
0x00007fd6d62997a0:   00007fd6d62997b8 00007fd6d62997dc
0x00007fd6d62997b0:   00000001b4003600 0000000000000000
0x00007fd6d62997c0:   0000000000000000 0000000000000000
0x00007fd6d62997d0:   00007fd6b40037d0 00000001d6299850
0x00007fd6d62997e0:   0000000000000004 0000000000000002
0x00007fd6d62997f0:   000000000000000f 0000000000000002
0x00007fd6d6299800:   00000000000f0200 000000000000000f
0x00007fd6d6299810:   00007fd6d6299a60 00007fd6e49e8976
0x00007fd6d6299820:   00000acf00000013 00007fd6e50f0200
0x00007fd6d6299830:   00007fd6ac000ba0 00007fd6e009f800
0x00007fd6d6299840:   00007fd6d6299850 00007fd6d62999e0
0x00007fd6d6299850:   00007fd6d62998f7 00007fd6000000d5
0x00007fd6d6299860:   00007fd6d6299868 0000000000000057
0x00007fd6d6299870:   00007fd6d62998a0 0000000000000000
0x00007fd6d6299880:   0000000000000000 00000acf0000000f
0x00007fd6d6299890:   00007fd600009980 00007fd6d62998a0
0x00007fd6d62998a0:   d67f000004000000 04000000485e07e0
0x00007fd6d62998b0:   160000006e69616d 2f6176616a4c5b28
0x00007fd6d62998c0:   7274532f676e616c 000056293b676e69 

Instructions: (pc=0x00007fd6e5c05c67)
0x00007fd6e5c05c47:   da 75 02 31 d2 48 83 c4 08 48 89 d0 5b c9 c3 66
0x00007fd6e5c05c57:   2e 0f 1f 84 00 00 00 00 00 48 8b 05 11 f9 75 00
0x00007fd6e5c05c67:   8b 53 08 8b 48 08 48 d3 e2 48 03 10 eb c0 90 90
0x00007fd6e5c05c77:   90 90 90 90 90 90 90 90 90 55 48 89 e5 48 89 5d 

Register to memory mapping:

RAX=0x00007fd6e6382360: <offset 0xe26360> in /usr/lib/jvm/java-7-oracle/jre/lib/amd64/server/libjvm.so at 0x00007fd6e555c000
RBX=0x0000000200000000 is an unknown value
RCX=0x00007fd6e6dd02c0: <offset 0x2182c0> in /lib/x86_64-linux-gnu/libpthread.so.0 at 0x00007fd6e6bb8000
RDX=0x00007fd6e63abde0: <offset 0xe4fde0> in /usr/lib/jvm/java-7-oracle/jre/lib/amd64/server/libjvm.so at 0x00007fd6e555c000
RSP=0x00007fd6d62996d0 is pointing into the stack for thread: 0x00007fd6e009f800
RBP=0x00007fd6d62996e0 is pointing into the stack for thread: 0x00007fd6e009f800
RSI=0x00007fd6e009f800 is a thread
RDI=0x00007fd6b4002ec0 is an unknown value
R8 =0x00007fd6b40038b0 is an unknown value
R9 =0x0000000000000000 is an unknown value
R10=0x00007fd6b40038a0 is an unknown value
R11=0x00007fd6e655d548: <offset 0x187548> in /lib/x86_64-linux-gnu/libc.so.6 at 0x00007fd6e63d6000
R12=0x0000000000000017 is an unknown value
R13=0x00007fd6b4002ec0 is an unknown value
R14=0x00007fd6e009f800 is a thread
R15=0x00007fd6d62997e7 is pointing into the stack for thread: 0x00007fd6e009f800


Stack: [0x00007fd6d619a000,0x00007fd6d629b000],  sp=0x00007fd6d62996d0,  free space=1021k
Native frames: (J=compiled Java code, j=interpreted, Vv=VM code, C=native code)
V  [libjvm.so+0x6a9c67]  JNIHandles::checked_resolve_jmethod_id(_jmethodID*)+0x67
V  [libjvm.so+0x69b03e]  jvmti_IsMethodSynthetic+0x23e
C  [libjdwp.so+0x25472]  isMethodSynthetic+0x42
C  [libjdwp.so+0x6a60]  methods1+0x1b0
C  [libjdwp.so+0x11976]  debugLoop_run+0x2b6
C  [libjdwp.so+0x243af]  attachThread+0x2f
V  [libjvm.so+0x6ffad7]  JvmtiAgentThread::call_start_function()+0x97
V  [libjvm.so+0x95bfff]  JavaThread::thread_main_inner()+0xdf
V  [libjvm.so+0x95c105]  JavaThread::run()+0xf5
V  [libjvm.so+0x8238c8]  java_start(Thread*)+0x108


---------------  P R O C E S S  ---------------

Java Threads: ( => current thread )
  0x00007fd6e00aa800 JavaThread "Service Thread" daemon [_thread_blocked, id=10953, stack(0x00007fd6d5c95000,0x00007fd6d5d96000)]
  0x00007fd6e00a8800 JavaThread "C2 CompilerThread1" daemon [_thread_blocked, id=10952, stack(0x00007fd6d5d96000,0x00007fd6d5e97000)]
  0x00007fd6e00a5800 JavaThread "C2 CompilerThread0" daemon [_thread_blocked, id=10951, stack(0x00007fd6d5e97000,0x00007fd6d5f98000)]
  0x00007fd6b4001000 JavaThread "JDWP Command Reader" daemon [_thread_in_native, id=10941, stack(0x00007fd6d5f98000,0x00007fd6d6099000)]
  0x00007fd6e00a3000 JavaThread "JDWP Event Helper Thread" daemon [_thread_blocked, id=10940, stack(0x00007fd6d6099000,0x00007fd6d619a000)]
=>0x00007fd6e009f800 JavaThread "JDWP Transport Listener: dt_socket" daemon [_thread_in_vm, id=10939, stack(0x00007fd6d619a000,0x00007fd6d629b000)]
  0x00007fd6e0092800 JavaThread "Signal Dispatcher" daemon [_thread_blocked, id=10938, stack(0x00007fd6d649f000,0x00007fd6d65a0000)]
  0x00007fd6e0072800 JavaThread "Finalizer" daemon [_thread_blocked, id=10937, stack(0x00007fd6d65a0000,0x00007fd6d66a1000)]
  0x00007fd6e0070800 JavaThread "Reference Handler" daemon [_thread_blocked, id=10936, stack(0x00007fd6d66a1000,0x00007fd6d67a2000)]
  0x00007fd6e000c800 JavaThread "main" [_thread_blocked, id=10930, stack(0x00007fd6e6ed1000,0x00007fd6e6fd2000)]

Other Threads:
  0x00007fd6e006c800 VMThread [stack: 0x00007fd6d67a2000,0x00007fd6d68a3000] [id=10935]
  0x00007fd6e00b5800 WatcherThread [stack: 0x00007fd6d5b94000,0x00007fd6d5c95000] [id=10954]

VM state:not at safepoint (normal execution)

VM Mutex/Monitor currently owned by a thread: None

Heap
 PSYoungGen      total 37376K, used 1290K [0x00000007d6d00000, 0x00000007d9680000, 0x0000000800000000)
  eden space 32256K, 4% used [0x00000007d6d00000,0x00000007d6e42960,0x00000007d8c80000)
  from space 5120K, 0% used [0x00000007d9180000,0x00000007d9180000,0x00000007d9680000)
  to   space 5120K, 0% used [0x00000007d8c80000,0x00000007d8c80000,0x00000007d9180000)
 ParOldGen       total 83968K, used 0K [0x0000000784800000, 0x0000000789a00000, 0x00000007d6d00000)
  object space 83968K, 0% used [0x0000000784800000,0x0000000784800000,0x0000000789a00000)
 PSPermGen       total 21504K, used 2677K [0x000000077f600000, 0x0000000780b00000, 0x0000000784800000)
  object space 21504K, 12% used [0x000000077f600000,0x000000077f89d6c0,0x0000000780b00000)

Card table byte_map: [0x00007fd6dc5c4000,0x00007fd6dc9ca000] byte_map_base: 0x00007fd6d89c9000

Polling page: 0x00007fd6e6ff7000

Code Cache  [0x00007fd6dc9ca000, 0x00007fd6dcc3a000, 0x00007fd6df9ca000)
 total_blobs=176 nmethods=1 adapters=137 free_code_cache=48770Kb largest_free_block=49924992

Compilation events (2 events):
Event: 0.727 Thread 0x00007fd6e00a5800    1             java.lang.String::indexOf (70 bytes)
Event: 0.733 Thread 0x00007fd6e00a5800 nmethod 1 0x00007fd6dca29c10 code [0x00007fd6dca29d60, 0x00007fd6dca29f58]

GC Heap History (0 events):
No events

Deoptimization events (0 events):
No events

Internal exceptions (2 events):
Event: 0.049 Thread 0x00007fd6e000c800 Threw 0x00000007d6d0f2a0 at /HUDSON/workspace/7u-2-build-linux-amd64/jdk7u80/2329/hotspot/src/share/vm/prims/jni.cpp:3991
Event: 0.718 Thread 0x00007fd6e000c800 Threw 0x00000007d6d56348 at /HUDSON/workspace/7u-2-build-linux-amd64/jdk7u80/2329/hotspot/src/share/vm/prims/jvm.cpp:1319

Events (10 events):
Event: 721.370 Executing VM operation: ChangeBreakpoints
Event: 721.370 Executing VM operation: ChangeBreakpoints done
Event: 43036.586 Executing VM operation: ChangeBreakpoints
Event: 43036.610 Executing VM operation: ChangeBreakpoints done
Event: 43036.669 Executing VM operation: ChangeBreakpoints
Event: 43036.669 Executing VM operation: ChangeBreakpoints done
Event: 44514.918 Executing VM operation: ChangeBreakpoints
Event: 44514.918 Executing VM operation: ChangeBreakpoints done
Event: 44514.932 Executing VM operation: RedefineClasses
Event: 44514.932 Executing VM operation: RedefineClasses done


Dynamic libraries:
00400000-00401000 r-xp 00000000 08:01 2782                               /usr/lib/jvm/java-7-oracle/bin/java
00600000-00601000 rw-p 00000000 08:01 2782                               /usr/lib/jvm/java-7-oracle/bin/java
019c5000-019e6000 rw-p 00000000 00:00 0                                  [heap]
77f600000-780b00000 rw-p 00000000 00:00 0 
780b00000-784800000 rw-p 00000000 00:00 0 
784800000-789a00000 rw-p 00000000 00:00 0 
789a00000-7d6d00000 rw-p 00000000 00:00 0 
7d6d00000-7d9680000 rw-p 00000000 00:00 0 
7d9680000-800000000 rw-p 00000000 00:00 0 
7fd698000000-7fd698021000 rw-p 00000000 00:00 0 
7fd698021000-7fd69c000000 ---p 00000000 00:00 0 
7fd69c000000-7fd69c021000 rw-p 00000000 00:00 0 
7fd69c021000-7fd6a0000000 ---p 00000000 00:00 0 
7fd6a0000000-7fd6a0066000 rw-p 00000000 00:00 0 
7fd6a0066000-7fd6a4000000 ---p 00000000 00:00 0 
7fd6a4000000-7fd6a4021000 rw-p 00000000 00:00 0 
7fd6a4021000-7fd6a8000000 ---p 00000000 00:00 0 
7fd6a8000000-7fd6a8021000 rw-p 00000000 00:00 0 
7fd6a8021000-7fd6ac000000 ---p 00000000 00:00 0 
7fd6ac000000-7fd6ac021000 rw-p 00000000 00:00 0 
7fd6ac021000-7fd6b0000000 ---p 00000000 00:00 0 
7fd6b0000000-7fd6b0021000 rw-p 00000000 00:00 0 
7fd6b0021000-7fd6b4000000 ---p 00000000 00:00 0 
7fd6b4000000-7fd6b4021000 rw-p 00000000 00:00 0 
7fd6b4021000-7fd6b8000000 ---p 00000000 00:00 0 
7fd6b8000000-7fd6b8021000 rw-p 00000000 00:00 0 
7fd6b8021000-7fd6bc000000 ---p 00000000 00:00 0 
7fd6bc000000-7fd6bc021000 rw-p 00000000 00:00 0 
7fd6bc021000-7fd6c0000000 ---p 00000000 00:00 0 
7fd6c0000000-7fd6c0021000 rw-p 00000000 00:00 0 
7fd6c0021000-7fd6c4000000 ---p 00000000 00:00 0 
7fd6c4000000-7fd6c4021000 rw-p 00000000 00:00 0 
7fd6c4021000-7fd6c8000000 ---p 00000000 00:00 0 
7fd6c8000000-7fd6c8021000 rw-p 00000000 00:00 0 
7fd6c8021000-7fd6cc000000 ---p 00000000 00:00 0 
7fd6cc000000-7fd6cc021000 rw-p 00000000 00:00 0 
7fd6cc021000-7fd6d0000000 ---p 00000000 00:00 0 
7fd6d0000000-7fd6d0021000 rw-p 00000000 00:00 0 
7fd6d0021000-7fd6d4000000 ---p 00000000 00:00 0 
7fd6d5825000-7fd6d5a6e000 rw-p 00000000 00:00 0 
7fd6d5a6e000-7fd6d5a81000 r--s 000d6000 08:01 722                        /usr/lib/jvm/java-7-oracle/jre/lib/plugin.jar
7fd6d5a81000-7fd6d5b10000 r--s 00de4000 08:01 1336                       /usr/lib/jvm/java-7-oracle/jre/lib/jfxrt.jar
7fd6d5b10000-7fd6d5b29000 r--s 001e7000 08:01 1357                       /usr/lib/jvm/java-7-oracle/jre/lib/deploy.jar
7fd6d5b29000-7fd6d5b94000 r--s 00e21000 08:01 2985                       /usr/lib/jvm/java-7-oracle/jre/lib/ext/tools.jar
7fd6d5b94000-7fd6d5b95000 ---p 00000000 00:00 0 
7fd6d5b95000-7fd6d5c95000 rw-p 00000000 00:00 0 
7fd6d5c95000-7fd6d5c98000 ---p 00000000 00:00 0 
7fd6d5c98000-7fd6d5d96000 rw-p 00000000 00:00 0 
7fd6d5d96000-7fd6d5d99000 ---p 00000000 00:00 0 
7fd6d5d99000-7fd6d5e97000 rw-p 00000000 00:00 0 
7fd6d5e97000-7fd6d5e9a000 ---p 00000000 00:00 0 
7fd6d5e9a000-7fd6d5f98000 rw-p 00000000 00:00 0 
7fd6d5f98000-7fd6d5f9b000 ---p 00000000 00:00 0 
7fd6d5f9b000-7fd6d6099000 rw-p 00000000 00:00 0 
7fd6d6099000-7fd6d609c000 ---p 00000000 00:00 0 
7fd6d609c000-7fd6d619a000 rw-p 00000000 00:00 0 
7fd6d619a000-7fd6d619d000 ---p 00000000 00:00 0 
7fd6d619d000-7fd6d629b000 rw-p 00000000 00:00 0 
7fd6d629b000-7fd6d629f000 r-xp 00000000 08:01 781                        /usr/lib/jvm/java-7-oracle/jre/lib/amd64/libdt_socket.so
7fd6d629f000-7fd6d649e000 ---p 00004000 08:01 781                        /usr/lib/jvm/java-7-oracle/jre/lib/amd64/libdt_socket.so
7fd6d649e000-7fd6d649f000 rw-p 00003000 08:01 781                        /usr/lib/jvm/java-7-oracle/jre/lib/amd64/libdt_socket.so
7fd6d649f000-7fd6d64a2000 ---p 00000000 00:00 0 
7fd6d64a2000-7fd6d65a0000 rw-p 00000000 00:00 0 
7fd6d65a0000-7fd6d65a3000 ---p 00000000 00:00 0 
7fd6d65a3000-7fd6d66a1000 rw-p 00000000 00:00 0 
7fd6d66a1000-7fd6d66a4000 ---p 00000000 00:00 0 
7fd6d66a4000-7fd6d67a2000 rw-p 00000000 00:00 0 
7fd6d67a2000-7fd6d67a3000 ---p 00000000 00:00 0 
7fd6d67a3000-7fd6d78a2000 rw-p 00000000 00:00 0 
7fd6d78a2000-7fd6d7a62000 r--s 039fb000 08:01 1417                       /usr/lib/jvm/java-7-oracle/jre/lib/rt.jar
7fd6d7a62000-7fd6dbf2d000 rw-p 00000000 00:00 0 
7fd6dbf2d000-7fd6dbf2e000 ---p 00000000 00:00 0 
7fd6dbf2e000-7fd6dc02e000 rw-p 00000000 00:00 0 
7fd6dc02e000-7fd6dc02f000 ---p 00000000 00:00 0 
7fd6dc02f000-7fd6dc12f000 rw-p 00000000 00:00 0 
7fd6dc12f000-7fd6dc130000 ---p 00000000 00:00 0 
7fd6dc130000-7fd6dc230000 rw-p 00000000 00:00 0 
7fd6dc230000-7fd6dc231000 ---p 00000000 00:00 0 
7fd6dc231000-7fd6dc35a000 rw-p 00000000 00:00 0 
7fd6dc35a000-7fd6dc5c4000 rw-p 00000000 00:00 0 
7fd6dc5c4000-7fd6dc5cf000 rw-p 00000000 00:00 0 
7fd6dc5cf000-7fd6dc5ed000 rw-p 00000000 00:00 0 
7fd6dc5ed000-7fd6dc616000 rw-p 00000000 00:00 0 
7fd6dc616000-7fd6dc87f000 rw-p 00000000 00:00 0 
7fd6dc87f000-7fd6dc895000 rw-p 00000000 00:00 0 
7fd6dc895000-7fd6dc9c9000 rw-p 00000000 00:00 0 
7fd6dc9c9000-7fd6dc9ca000 rw-p 00000000 00:00 0 
7fd6dc9ca000-7fd6dcc3a000 rwxp 00000000 00:00 0 
7fd6dcc3a000-7fd6df9ca000 rw-p 00000000 00:00 0 
7fd6df9ca000-7fd6df9e1000 r-xp 00000000 08:01 764                        /usr/lib/jvm/java-7-oracle/jre/lib/amd64/libzip.so
7fd6df9e1000-7fd6dfbe1000 ---p 00017000 08:01 764                        /usr/lib/jvm/java-7-oracle/jre/lib/amd64/libzip.so
7fd6dfbe1000-7fd6dfbe2000 rw-p 00017000 08:01 764                        /usr/lib/jvm/java-7-oracle/jre/lib/amd64/libzip.so
7fd6dfbe2000-7fd6dfbed000 r-xp 00000000 08:01 3163729                    /lib/x86_64-linux-gnu/libnss_files-2.23.so
7fd6dfbed000-7fd6dfdec000 ---p 0000b000 08:01 3163729                    /lib/x86_64-linux-gnu/libnss_files-2.23.so
7fd6dfdec000-7fd6dfded000 r--p 0000a000 08:01 3163729                    /lib/x86_64-linux-gnu/libnss_files-2.23.so
7fd6dfded000-7fd6dfdee000 rw-p 0000b000 08:01 3163729                    /lib/x86_64-linux-gnu/libnss_files-2.23.so
7fd6dfdee000-7fd6dfdf4000 rw-p 00000000 00:00 0 
7fd6dfdf4000-7fd6dfdff000 r-xp 00000000 08:01 3163726                    /lib/x86_64-linux-gnu/libnss_nis-2.23.so
7fd6dfdff000-7fd6dfffe000 ---p 0000b000 08:01 3163726                    /lib/x86_64-linux-gnu/libnss_nis-2.23.so
7fd6dfffe000-7fd6dffff000 r--p 0000a000 08:01 3163726                    /lib/x86_64-linux-gnu/libnss_nis-2.23.so
7fd6dffff000-7fd6e0000000 rw-p 0000b000 08:01 3163726                    /lib/x86_64-linux-gnu/libnss_nis-2.23.so
7fd6e0000000-7fd6e015d000 rw-p 00000000 00:00 0 
7fd6e015d000-7fd6e4000000 ---p 00000000 00:00 0 
7fd6e4005000-7fd6e40bc000 rw-p 00000000 00:00 0 
7fd6e40bc000-7fd6e40da000 rw-p 00000000 00:00 0 
7fd6e40da000-7fd6e40f0000 r-xp 00000000 08:01 3163724                    /lib/x86_64-linux-gnu/libnsl-2.23.so
7fd6e40f0000-7fd6e42ef000 ---p 00016000 08:01 3163724                    /lib/x86_64-linux-gnu/libnsl-2.23.so
7fd6e42ef000-7fd6e42f0000 r--p 00015000 08:01 3163724                    /lib/x86_64-linux-gnu/libnsl-2.23.so
7fd6e42f0000-7fd6e42f1000 rw-p 00016000 08:01 3163724                    /lib/x86_64-linux-gnu/libnsl-2.23.so
7fd6e42f1000-7fd6e42f3000 rw-p 00000000 00:00 0 
7fd6e42f3000-7fd6e42fb000 r-xp 00000000 08:01 3163722                    /lib/x86_64-linux-gnu/libnss_compat-2.23.so
7fd6e42fb000-7fd6e44fa000 ---p 00008000 08:01 3163722                    /lib/x86_64-linux-gnu/libnss_compat-2.23.so
7fd6e44fa000-7fd6e44fb000 r--p 00007000 08:01 3163722                    /lib/x86_64-linux-gnu/libnss_compat-2.23.so
7fd6e44fb000-7fd6e44fc000 rw-p 00008000 08:01 3163722                    /lib/x86_64-linux-gnu/libnss_compat-2.23.so
7fd6e44fc000-7fd6e47d4000 r--p 00000000 08:01 3670939                    /usr/lib/locale/locale-archive
7fd6e47d4000-7fd6e47d6000 r-xp 00000000 08:01 786                        /usr/lib/jvm/java-7-oracle/jre/lib/amd64/libnpt.so
7fd6e47d6000-7fd6e49d6000 ---p 00002000 08:01 786                        /usr/lib/jvm/java-7-oracle/jre/lib/amd64/libnpt.so
7fd6e49d6000-7fd6e49d7000 rw-p 00002000 08:01 786                        /usr/lib/jvm/java-7-oracle/jre/lib/amd64/libnpt.so
7fd6e49d7000-7fd6e4a10000 r-xp 00000000 08:01 737                        /usr/lib/jvm/java-7-oracle/jre/lib/amd64/libjdwp.so
7fd6e4a10000-7fd6e4c10000 ---p 00039000 08:01 737                        /usr/lib/jvm/java-7-oracle/jre/lib/amd64/libjdwp.so
7fd6e4c10000-7fd6e4c11000 rw-p 00039000 08:01 737                        /usr/lib/jvm/java-7-oracle/jre/lib/amd64/libjdwp.so
7fd6e4c11000-7fd6e4c12000 rw-p 00000000 00:00 0 
7fd6e4c12000-7fd6e4c3b000 r-xp 00000000 08:01 730                        /usr/lib/jvm/java-7-oracle/jre/lib/amd64/libjava.so
7fd6e4c3b000-7fd6e4e3b000 ---p 00029000 08:01 730                        /usr/lib/jvm/java-7-oracle/jre/lib/amd64/libjava.so
7fd6e4e3b000-7fd6e4e3d000 rw-p 00029000 08:01 730                        /usr/lib/jvm/java-7-oracle/jre/lib/amd64/libjava.so
7fd6e4e3d000-7fd6e4e4a000 r-xp 00000000 08:01 757                        /usr/lib/jvm/java-7-oracle/jre/lib/amd64/libverify.so
7fd6e4e4a000-7fd6e5049000 ---p 0000d000 08:01 757                        /usr/lib/jvm/java-7-oracle/jre/lib/amd64/libverify.so
7fd6e5049000-7fd6e504b000 rw-p 0000c000 08:01 757                        /usr/lib/jvm/java-7-oracle/jre/lib/amd64/libverify.so
7fd6e504b000-7fd6e5052000 r-xp 00000000 08:01 3163738                    /lib/x86_64-linux-gnu/librt-2.23.so
7fd6e5052000-7fd6e5251000 ---p 00007000 08:01 3163738                    /lib/x86_64-linux-gnu/librt-2.23.so
7fd6e5251000-7fd6e5252000 r--p 00006000 08:01 3163738                    /lib/x86_64-linux-gnu/librt-2.23.so
7fd6e5252000-7fd6e5253000 rw-p 00007000 08:01 3163738                    /lib/x86_64-linux-gnu/librt-2.23.so
7fd6e5253000-7fd6e535b000 r-xp 00000000 08:01 3163735                    /lib/x86_64-linux-gnu/libm-2.23.so
7fd6e535b000-7fd6e555a000 ---p 00108000 08:01 3163735                    /lib/x86_64-linux-gnu/libm-2.23.so
7fd6e555a000-7fd6e555b000 r--p 00107000 08:01 3163735                    /lib/x86_64-linux-gnu/libm-2.23.so
7fd6e555b000-7fd6e555c000 rw-p 00108000 08:01 3163735                    /lib/x86_64-linux-gnu/libm-2.23.so
7fd6e555c000-7fd6e60d2000 r-xp 00000000 08:01 784                        /usr/lib/jvm/java-7-oracle/jre/lib/amd64/server/libjvm.so
7fd6e60d2000-7fd6e62d1000 ---p 00b76000 08:01 784                        /usr/lib/jvm/java-7-oracle/jre/lib/amd64/server/libjvm.so
7fd6e62d1000-7fd6e6395000 rw-p 00b75000 08:01 784                        /usr/lib/jvm/java-7-oracle/jre/lib/amd64/server/libjvm.so
7fd6e6395000-7fd6e63d6000 rw-p 00000000 00:00 0 
7fd6e63d6000-7fd6e6596000 r-xp 00000000 08:01 3163743                    /lib/x86_64-linux-gnu/libc-2.23.so
7fd6e6596000-7fd6e6795000 ---p 001c0000 08:01 3163743                    /lib/x86_64-linux-gnu/libc-2.23.so
7fd6e6795000-7fd6e6799000 r--p 001bf000 08:01 3163743                    /lib/x86_64-linux-gnu/libc-2.23.so
7fd6e6799000-7fd6e679b000 rw-p 001c3000 08:01 3163743                    /lib/x86_64-linux-gnu/libc-2.23.so
7fd6e679b000-7fd6e679f000 rw-p 00000000 00:00 0 
7fd6e679f000-7fd6e67a2000 r-xp 00000000 08:01 3163744                    /lib/x86_64-linux-gnu/libdl-2.23.so
7fd6e67a2000-7fd6e69a1000 ---p 00003000 08:01 3163744                    /lib/x86_64-linux-gnu/libdl-2.23.so
7fd6e69a1000-7fd6e69a2000 r--p 00002000 08:01 3163744                    /lib/x86_64-linux-gnu/libdl-2.23.so
7fd6e69a2000-7fd6e69a3000 rw-p 00003000 08:01 3163744                    /lib/x86_64-linux-gnu/libdl-2.23.so
7fd6e69a3000-7fd6e69b8000 r-xp 00000000 08:01 1463                       /usr/lib/jvm/java-7-oracle/lib/amd64/jli/libjli.so
7fd6e69b8000-7fd6e6bb7000 ---p 00015000 08:01 1463                       /usr/lib/jvm/java-7-oracle/lib/amd64/jli/libjli.so
7fd6e6bb7000-7fd6e6bb8000 rw-p 00014000 08:01 1463                       /usr/lib/jvm/java-7-oracle/lib/amd64/jli/libjli.so
7fd6e6bb8000-7fd6e6bd0000 r-xp 00000000 08:01 3163742                    /lib/x86_64-linux-gnu/libpthread-2.23.so
7fd6e6bd0000-7fd6e6dcf000 ---p 00018000 08:01 3163742                    /lib/x86_64-linux-gnu/libpthread-2.23.so
7fd6e6dcf000-7fd6e6dd0000 r--p 00017000 08:01 3163742                    /lib/x86_64-linux-gnu/libpthread-2.23.so
7fd6e6dd0000-7fd6e6dd1000 rw-p 00018000 08:01 3163742                    /lib/x86_64-linux-gnu/libpthread-2.23.so
7fd6e6dd1000-7fd6e6dd5000 rw-p 00000000 00:00 0 
7fd6e6dd5000-7fd6e6dfb000 r-xp 00000000 08:01 3163739                    /lib/x86_64-linux-gnu/ld-2.23.so
7fd6e6dfe000-7fd6e6e08000 r--s 00253000 08:01 812                        /usr/lib/jvm/java-7-oracle/jre/lib/resources.jar
7fd6e6e08000-7fd6e6e0c000 r--s 0008b000 08:01 1361                       /usr/lib/jvm/java-7-oracle/jre/lib/jsse.jar
7fd6e6e0c000-7fd6e6e11000 r--s 0007e000 08:01 1363                       /usr/lib/jvm/java-7-oracle/jre/lib/jfr.jar
7fd6e6e11000-7fd6e6e1b000 rw-p 00000000 00:00 0 
7fd6e6e1b000-7fd6e6ed1000 rw-p 00000000 00:00 0 
7fd6e6ed1000-7fd6e6ed4000 ---p 00000000 00:00 0 
7fd6e6ed4000-7fd6e6fd6000 rw-p 00000000 00:00 0 
7fd6e6fd6000-7fd6e6fd7000 r--s 00000000 08:01 1416                       /usr/lib/jvm/java-7-oracle/jre/lib/management-agent.jar
7fd6e6fd7000-7fd6e6fda000 r--s 00019000 08:01 1338                       /usr/lib/jvm/java-7-oracle/jre/lib/jce.jar
7fd6e6fda000-7fd6e6fe3000 r--s 00068000 08:01 1439                       /usr/lib/jvm/java-7-oracle/jre/lib/javaws.jar
7fd6e6fe3000-7fd6e6fee000 r--s 0037c000 08:01 1438                       /usr/lib/jvm/java-7-oracle/jre/lib/charsets.jar
7fd6e6fee000-7fd6e6ff6000 rw-s 00000000 08:01 3548262                    /tmp/hsperfdata_ttnd/10927
7fd6e6ff6000-7fd6e6ff7000 rw-p 00000000 00:00 0 
7fd6e6ff7000-7fd6e6ff8000 r--p 00000000 00:00 0 
7fd6e6ff8000-7fd6e6ffa000 rw-p 00000000 00:00 0 
7fd6e6ffa000-7fd6e6ffb000 r--p 00025000 08:01 3163739                    /lib/x86_64-linux-gnu/ld-2.23.so
7fd6e6ffb000-7fd6e6ffc000 rw-p 00026000 08:01 3163739                    /lib/x86_64-linux-gnu/ld-2.23.so
7fd6e6ffc000-7fd6e6ffd000 rw-p 00000000 00:00 0 
7ffddf0c1000-7ffddf0e3000 rw-p 00000000 00:00 0                          [stack]
7ffddf125000-7ffddf127000 r--p 00000000 00:00 0                          [vvar]
7ffddf127000-7ffddf129000 r-xp 00000000 00:00 0                          [vdso]
ffffffffff600000-ffffffffff601000 r-xp 00000000 00:00 0                  [vsyscall]

VM Arguments:
jvm_args: -agentlib:jdwp=transport=dt_socket,address=127.0.0.1:32824,suspend=y,server=n -Dfile.encoding=UTF-8 
java_command: com.company.sorting.ChanduGirlfriend
Launcher Type: SUN_STANDARD

Environment Variables:
JAVA_HOME=/usr/lib/jvm/java-7-oracle
PATH=/home/ttnd/.sdkman/candidates/springboot/current/bin:/home/ttnd/.sdkman/candidates/groovy/current/bin:/home/ttnd/.sdkman/candidates/grails/current/bin:/home/ttnd/.sdkman/candidates/gradle/current/bin:/usr/local/sbin:/usr/local/bin:/usr/sbin:/usr/bin:/sbin:/bin:/usr/games:/usr/local/games:/snap/bin:/usr/lib/jvm/java-7-oracle/bin:/usr/lib/jvm/java-7-oracle/db/bin:/usr/lib/jvm/java-7-oracle/jre/bin
LD_LIBRARY_PATH=/opt/idea-IU-162.1628.40/bin:
SHELL=/bin/bash
DISPLAY=:0

Signal Handlers:
SIGSEGV: [libjvm.so+0x9a3b20], sa_mask[0]=0x7ffbfeff, sa_flags=0x10000004
SIGBUS: [libjvm.so+0x9a3b20], sa_mask[0]=0x7ffbfeff, sa_flags=0x10000004
SIGFPE: [libjvm.so+0x81e740], sa_mask[0]=0x7ffbfeff, sa_flags=0x10000004
SIGPIPE: [libjvm.so+0x81e740], sa_mask[0]=0x7ffbfeff, sa_flags=0x10000004
SIGXFSZ: [libjvm.so+0x81e740], sa_mask[0]=0x7ffbfeff, sa_flags=0x10000004
SIGILL: [libjvm.so+0x81e740], sa_mask[0]=0x7ffbfeff, sa_flags=0x10000004
SIGUSR1: SIG_DFL, sa_mask[0]=0x00000000, sa_flags=0x00000000
SIGUSR2: [libjvm.so+0x81ffb0], sa_mask[0]=0x00000004, sa_flags=0x10000004
SIGHUP: [libjvm.so+0x8210d0], sa_mask[0]=0x7ffbfeff, sa_flags=0x10000004
SIGINT: [libjvm.so+0x8210d0], sa_mask[0]=0x7ffbfeff, sa_flags=0x10000004
SIGTERM: [libjvm.so+0x8210d0], sa_mask[0]=0x7ffbfeff, sa_flags=0x10000004
SIGQUIT: [libjvm.so+0x8210d0], sa_mask[0]=0x7ffbfeff, sa_flags=0x10000004


---------------  S Y S T E M  ---------------

OS:stretch/sid

uname:Linux 4.4.0-38-generic #57-Ubuntu SMP Tue Sep 6 15:42:33 UTC 2016 x86_64
libc:glibc 2.23 NPTL 2.23 
rlimit: STACK 8192k, CORE 0k, NPROC 30703, NOFILE 65536, AS infinity
load average:1.74 1.78 1.58

/proc/meminfo:
MemTotal:        8088388 kB
MemFree:         1269168 kB
MemAvailable:    1507376 kB
Buffers:           12780 kB
Cached:          1112424 kB
SwapCached:        23384 kB
Active:          5290768 kB
Inactive:        1240748 kB
Active(anon):    4949380 kB
Inactive(anon):  1142420 kB
Active(file):     341388 kB
Inactive(file):    98328 kB
Unevictable:         864 kB
Mlocked:             864 kB
SwapTotal:      19999740 kB
SwapFree:       19590348 kB
Dirty:             76624 kB
Writeback:             0 kB
AnonPages:       5398384 kB
Mapped:           822600 kB
Shmem:            685200 kB
Slab:              99716 kB
SReclaimable:      43780 kB
SUnreclaim:        55936 kB
KernelStack:       18064 kB
PageTables:        83336 kB
NFS_Unstable:          0 kB
Bounce:                0 kB
WritebackTmp:          0 kB
CommitLimit:    24043932 kB
Committed_AS:   16877384 kB
VmallocTotal:   34359738367 kB
VmallocUsed:           0 kB
VmallocChunk:          0 kB
HardwareCorrupted:     0 kB
AnonHugePages:   1939456 kB
CmaTotal:              0 kB
CmaFree:               0 kB
HugePages_Total:       0
HugePages_Free:        0
HugePages_Rsvd:        0
HugePages_Surp:        0
Hugepagesize:       2048 kB
DirectMap4k:      263992 kB
DirectMap2M:     8038400 kB
DirectMap1G:     1048576 kB


CPU:total 4 (2 cores per cpu, 2 threads per core) family 6 model 61 stepping 4, cmov, cx8, fxsr, mmx, sse, sse2, sse3, ssse3, sse4.1, sse4.2, popcnt, avx, avx2, aes, erms, ht, tsc, tscinvbit

/proc/cpuinfo:
processor	: 0
vendor_id	: GenuineIntel
cpu family	: 6
model		: 61
model name	: Intel(R) Core(TM) i7-5500U CPU @ 2.40GHz
stepping	: 4
microcode	: 0x1f
cpu MHz		: 2380.500
cache size	: 4096 KB
physical id	: 0
siblings	: 4
core id		: 0
cpu cores	: 2
apicid		: 0
initial apicid	: 0
fpu		: yes
fpu_exception	: yes
cpuid level	: 20
wp		: yes
flags		: fpu vme de pse tsc msr pae mce cx8 apic sep mtrr pge mca cmov pat pse36 clflush dts acpi mmx fxsr sse sse2 ss ht tm pbe syscall nx pdpe1gb rdtscp lm constant_tsc arch_perfmon pebs bts rep_good nopl xtopology nonstop_tsc aperfmperf eagerfpu pni pclmulqdq dtes64 monitor ds_cpl vmx est tm2 ssse3 sdbg fma cx16 xtpr pdcm pcid sse4_1 sse4_2 x2apic movbe popcnt tsc_deadline_timer aes xsave avx f16c rdrand lahf_lm abm 3dnowprefetch epb intel_pt tpr_shadow vnmi flexpriority ept vpid fsgsbase tsc_adjust bmi1 avx2 smep bmi2 erms invpcid rdseed adx smap xsaveopt dtherm ida arat pln pts
bugs		:
bogomips	: 4788.70
clflush size	: 64
cache_alignment	: 64
address sizes	: 39 bits physical, 48 bits virtual
power management:

processor	: 1
vendor_id	: GenuineIntel
cpu family	: 6
model		: 61
model name	: Intel(R) Core(TM) i7-5500U CPU @ 2.40GHz
stepping	: 4
microcode	: 0x1f
cpu MHz		: 2824.875
cache size	: 4096 KB
physical id	: 0
siblings	: 4
core id		: 1
cpu cores	: 2
apicid		: 2
initial apicid	: 2
fpu		: yes
fpu_exception	: yes
cpuid level	: 20
wp		: yes
flags		: fpu vme de pse tsc msr pae mce cx8 apic sep mtrr pge mca cmov pat pse36 clflush dts acpi mmx fxsr sse sse2 ss ht tm pbe syscall nx pdpe1gb rdtscp lm constant_tsc arch_perfmon pebs bts rep_good nopl xtopology nonstop_tsc aperfmperf eagerfpu pni pclmulqdq dtes64 monitor ds_cpl vmx est tm2 ssse3 sdbg fma cx16 xtpr pdcm pcid sse4_1 sse4_2 x2apic movbe popcnt tsc_deadline_timer aes xsave avx f16c rdrand lahf_lm abm 3dnowprefetch epb intel_pt tpr_shadow vnmi flexpriority ept vpid fsgsbase tsc_adjust bmi1 avx2 smep bmi2 erms invpcid rdseed adx smap xsaveopt dtherm ida arat pln pts
bugs		:
bogomips	: 4788.70
clflush size	: 64
cache_alignment	: 64
address sizes	: 39 bits physical, 48 bits virtual
power management:

processor	: 2
vendor_id	: GenuineIntel
cpu family	: 6
model		: 61
model name	: Intel(R) Core(TM) i7-5500U CPU @ 2.40GHz
stepping	: 4
microcode	: 0x1f
cpu MHz		: 2400.000
cache size	: 4096 KB
physical id	: 0
siblings	: 4
core id		: 0
cpu cores	: 2
apicid		: 1
initial apicid	: 1
fpu		: yes
fpu_exception	: yes
cpuid level	: 20
wp		: yes
flags		: fpu vme de pse tsc msr pae mce cx8 apic sep mtrr pge mca cmov pat pse36 clflush dts acpi mmx fxsr sse sse2 ss ht tm pbe syscall nx pdpe1gb rdtscp lm constant_tsc arch_perfmon pebs bts rep_good nopl xtopology nonstop_tsc aperfmperf eagerfpu pni pclmulqdq dtes64 monitor ds_cpl vmx est tm2 ssse3 sdbg fma cx16 xtpr pdcm pcid sse4_1 sse4_2 x2apic movbe popcnt tsc_deadline_timer aes xsave avx f16c rdrand lahf_lm abm 3dnowprefetch epb intel_pt tpr_shadow vnmi flexpriority ept vpid fsgsbase tsc_adjust bmi1 avx2 smep bmi2 erms invpcid rdseed adx smap xsaveopt dtherm ida arat pln pts
bugs		:
bogomips	: 4788.70
clflush size	: 64
cache_alignment	: 64
address sizes	: 39 bits physical, 48 bits virtual
power management:

processor	: 3
vendor_id	: GenuineIntel
cpu family	: 6
model		: 61
model name	: Intel(R) Core(TM) i7-5500U CPU @ 2.40GHz
stepping	: 4
microcode	: 0x1f
cpu MHz		: 2436.000
cache size	: 4096 KB
physical id	: 0
siblings	: 4
core id		: 1
cpu cores	: 2
apicid		: 3
initial apicid	: 3
fpu		: yes
fpu_exception	: yes
cpuid level	: 20
wp		: yes
flags		: fpu vme de pse tsc msr pae mce cx8 apic sep mtrr pge mca cmov pat pse36 clflush dts acpi mmx fxsr sse sse2 ss ht tm pbe syscall nx pdpe1gb rdtscp lm constant_tsc arch_perfmon pebs bts rep_good nopl xtopology nonstop_tsc aperfmperf eagerfpu pni pclmulqdq dtes64 monitor ds_cpl vmx est tm2 ssse3 sdbg fma cx16 xtpr pdcm pcid sse4_1 sse4_2 x2apic movbe popcnt tsc_deadline_timer aes xsave avx f16c rdrand lahf_lm abm 3dnowprefetch epb intel_pt tpr_shadow vnmi flexpriority ept vpid fsgsbase tsc_adjust bmi1 avx2 smep bmi2 erms invpcid rdseed adx smap xsaveopt dtherm ida arat pln pts
bugs		:
bogomips	: 4788.70
clflush size	: 64
cache_alignment	: 64
address sizes	: 39 bits physical, 48 bits virtual
power management:



Memory: 4k page, physical 8088388k(1269168k free), swap 19999740k(19590348k free)

vm_info: Java HotSpot(TM) 64-Bit Server VM (24.80-b11) for linux-amd64 JRE (1.7.0_80-b15), built on Apr 10 2015 19:53:14 by "java_re" with gcc 4.3.0 20080428 (Red Hat 4.3.0-8)

time: Wed Oct 12 10:45:35 2016
elapsed time: 44515 seconds

